C51 COMPILER V9.54   MAIN                                                                  04/27/2025 15:44:18 PAGE 1   


C51 COMPILER V9.54, COMPILATION OF MODULE MAIN
OBJECT MODULE PLACED IN .\Objects\main.obj
COMPILER INVOKED BY: D:\kile 5 C51\C51\BIN\C51.EXE User\main.c OPTIMIZE(8,SPEED) BROWSE INCDIR(.\Function) DEBUG OBJECTE
                    -XTEND PRINT(.\Listings\main.lst) OBJECT(.\Objects\main.obj)

line level    source

   1          #include <REGX52.H>
   2          #include "MatrixKey.h"
   3          #include "LCD1602.h"
   4          
   5          unsigned char KeyNum;
   6          unsigned int PassWord,Count;
   7          
   8          void main()
   9          {
  10   1              
  11   1              LCD_Init();
  12   1              LCD_ShowString(1,1,"PassWord");
  13   1              while(1)
  14   1              {
  15   2                      KeyNum=MatrixKey();
  16   2                      if(KeyNum)                                      //判断是否按下
  17   2                      {
  18   3                              if(KeyNum<=10)                          //规定密码按键区域（S1-S10）
  19   3                              {
  20   4                                      if(Count<4)                             //保证四维密码
  21   4                                      {
  22   5                                              PassWord*=10;                           //密码左移一位（0001->0010）
  23   5                                              PassWord+=KeyNum%10 ;           //保证密码从0-9,同时增加下一位密码
  24   5                                              Count++;
  25   5                                      }
  26   4                                      LCD_ShowNum(2,1,PassWord,4);    //更新显示
  27   4                                              
  28   4                              }
  29   3                              if(KeyNum==11)                                          //确认键
  30   3                              {
  31   4                                              if(PassWord==1122)                      //如果输入密码为正确密码
  32   4                                              {
  33   5                                                      LCD_ShowString(1,14,"OK ");//输出OK
  34   5                                              }
  35   4                                              else                                            //否则
  36   4                                              {
  37   5                                                      LCD_ShowString(1,14,"ERR");//输出ERR
  38   5                                                      PassWord=0;
  39   5                                                      Count=0;
  40   5                                                      LCD_ShowNum(2,1,PassWord,4);
  41   5                                              }
  42   4                              }
  43   3                              if(KeyNum==12)                                          //清零键
  44   3                              {
  45   4                                      LCD_ShowString(1,14,"CLE");
  46   4                                      PassWord=0;
  47   4                                      Count=0;
  48   4                                      LCD_ShowNum(2,1,PassWord,4);
  49   4                              }
  50   3                      }
  51   2                      
  52   2                      
  53   2              }
  54   1              
C51 COMPILER V9.54   MAIN                                                                  04/27/2025 15:44:18 PAGE 2   

  55   1              
  56   1              
  57   1              
  58   1              
  59   1              
  60   1      }


MODULE INFORMATION:   STATIC OVERLAYABLE
   CODE SIZE        =    210    ----
   CONSTANT SIZE    =     21    ----
   XDATA SIZE       =   ----    ----
   PDATA SIZE       =   ----    ----
   DATA SIZE        =      5    ----
   IDATA SIZE       =   ----    ----
   BIT SIZE         =   ----    ----
END OF MODULE INFORMATION.


C51 COMPILATION COMPLETE.  0 WARNING(S),  0 ERROR(S)
