C51 COMPILER V9.54   NIXIE                                                                 04/27/2025 15:39:35 PAGE 1   


C51 COMPILER V9.54, COMPILATION OF MODULE NIXIE
OBJECT MODULE PLACED IN .\Objects\Nixie.obj
COMPILER INVOKED BY: D:\kile 5 C51\C51\BIN\C51.EXE Function\Nixie.c OPTIMIZE(8,SPEED) BROWSE INCDIR(.\Function) DEBUG OB
                    -JECTEXTEND PRINT(.\Listings\Nixie.lst) OBJECT(.\Objects\Nixie.obj)

line level    source

   1          #include <REGX52.H>
   2          #include "Delay.h"
   3          
   4          unsigned char NixieTable[]={0x3F,0x06,0x5B,0x4F,0x66,0x6D,0x7D,0x07,0x7F,0x6F,0x77,0x7C,0x39,0x5E,0x79,0x7
             -1,0x00,0xCF};
   5          
   6          //  0     1     2     3     4     5     6     7     8     9    
   7          //0x3F  0x06  0x5B   0x4F  0x66  0x6D  0x7D  0x07  0x7F  0x6F 
   8          // A(10)  b(11)   C(12)     D(13)    E(14)     F(15)     空(16)
   9          // 0x77   0x7C    0x39      0x5E      0x79      0x71     0x00 
  10          
  11          
  12          
  13          void Nixie(unsigned char Location,Number)
  14          {
  15   1              switch(Location)//(片选)选择数码管位置（实体：从左到右）
  16   1              {
  17   2                      //P2_4表示138译码器上的C(高)  P2_3 B（中） P2_2 A（低）
  18   2                      case 1 : P2_4=1,P2_3=1,P2_2=1;break;//最左边
  19   2                      case 2 : P2_4=1,P2_3=1,P2_2=0;break;
  20   2                      case 3 : P2_4=1,P2_3=0,P2_2=1;break;
  21   2                      case 4 : P2_4=1,P2_3=0,P2_2=0;break;
  22   2                      case 5 : P2_4=0,P2_3=1,P2_2=1;break;
  23   2                      case 6 : P2_4=0,P2_3=1,P2_2=0;break;
  24   2                      case 7 : P2_4=0,P2_3=0,P2_2=1;break;
  25   2                      case 8 : P2_4=0,P2_3=0,P2_2=0;break;//最右边
  26   2              }
  27   1              //（段选）选择产生字符
  28   1              P0=NixieTable[Number];
  29   1              Delay(1);//使显示稳定
  30   1              P0=0x00;//消影
  31   1      }


MODULE INFORMATION:   STATIC OVERLAYABLE
   CODE SIZE        =    109    ----
   CONSTANT SIZE    =   ----    ----
   XDATA SIZE       =   ----    ----
   PDATA SIZE       =   ----    ----
   DATA SIZE        =     18    ----
   IDATA SIZE       =   ----    ----
   BIT SIZE         =   ----    ----
END OF MODULE INFORMATION.


C51 COMPILATION COMPLETE.  0 WARNING(S),  0 ERROR(S)
