C51 COMPILER V9.54   MAIN                                                                  04/29/2025 14:40:14 PAGE 1   


C51 COMPILER V9.54, COMPILATION OF MODULE MAIN
OBJECT MODULE PLACED IN .\Objects\main.obj
COMPILER INVOKED BY: D:\kile 5 C51\C51\BIN\C51.EXE User\main.c OPTIMIZE(8,SPEED) BROWSE INCDIR(C:\Users\like\Documents\G
                    -itHub\like_test\like_test\C51 project\Project\Function) DEBUG OBJECTEXTEND PRINT(.\Listings\main.lst) OBJECT(.\Objects\m
                    -ain.obj)

line level    source

   1          #include <REGX52.H>
   2          #include "Timer0.h"
   3          #include "Key.h"
   4          #include "LCD1602.h"
   5          
   6          unsigned char Hour,Min,Sec;
   7          
   8          void main()
   9          {
  10   1              LCD_Init();
  11   1              Timer0Init();
  12   1              LCD_ShowString(1,1,"CLOCK:");
  13   1              LCD_ShowString(2,3,":");
  14   1              LCD_ShowString(2,6,":");
  15   1              while(1)
  16   1              {       
  17   2                      LCD_ShowNum(2,1,Hour,2);
  18   2                      LCD_ShowNum(2,4,Min,2);
  19   2                      LCD_ShowNum(2,7,Sec,2);
  20   2              }
  21   1      
  22   1      }
  23          
  24          
  25          
  26          void Timer0_Routine() interrupt 1               //当执行中断程序时，跳入该函数
  27          {
  28   1              static unsigned int T0Count;
  29   1              TL0 = 0x18;                     //设置定时初值，设置低4位
  30   1              TH0 = 0xFC;                     //设置定时初值，设置高4位
  31   1              T0Count++;
  32   1              if(T0Count>=1000)         //计时时间记为1S
  33   1              {
  34   2                      T0Count=0;              //重新开始计时
  35   2                      Sec++;
  36   2                      if(Sec>=60)
  37   2                      {
  38   3                              Min++;
  39   3                              Sec=0;
  40   3                              if(Min>=60)
  41   3                              {
  42   4                                      Min=0;
  43   4                                      Hour++;
  44   4                              }
  45   3      
  46   3                      }
  47   2                              
  48   2                      
  49   2              }
  50   1      }


MODULE INFORMATION:   STATIC OVERLAYABLE
C51 COMPILER V9.54   MAIN                                                                  04/29/2025 14:40:14 PAGE 2   

   CODE SIZE        =    154    ----
   CONSTANT SIZE    =      9    ----
   XDATA SIZE       =   ----    ----
   PDATA SIZE       =   ----    ----
   DATA SIZE        =      5    ----
   IDATA SIZE       =   ----    ----
   BIT SIZE         =   ----    ----
END OF MODULE INFORMATION.


C51 COMPILATION COMPLETE.  0 WARNING(S),  0 ERROR(S)
