C51 COMPILER V9.54   TIMER0                                                                04/29/2025 14:35:53 PAGE 1   


C51 COMPILER V9.54, COMPILATION OF MODULE TIMER0
OBJECT MODULE PLACED IN .\Objects\Timer0.obj
COMPILER INVOKED BY: D:\kile 5 C51\C51\BIN\C51.EXE Function\Timer0.c OPTIMIZE(8,SPEED) BROWSE INCDIR(C:\Users\like\Docum
                    -ents\GitHub\like_test\like_test\C51 project\Project\Function) DEBUG OBJECTEXTEND PRINT(.\Listings\Timer0.lst) OBJECT(.\O
                    -bjects\Timer0.obj)

line level    source

   1          #include <REGX52.H>
   2          
   3          /**
   4            * 简介    @brief  定时器0初始化，1s，12MHz
   5            * 参数    @param  无
   6            * 返回值  @retval 无  
   7            */
   8          
   9          void Timer0Init(void)           
  10          {
  11   1              TMOD &= 0xF0;           //设置定时器模式，将寄存器的低四位清零，高四位不变
  12   1              TMOD |= 0x01;           //设置定时器模式，将寄存器的最低位清零，高四位不变
  13   1              TL0 = 0x18;                     //设置定时初值，设置低4位
  14   1              TH0 = 0xFC;                     //设置定时初值，设置高4位
  15   1              TF0 = 0;                        //清除TF0标志
  16   1              TR0 = 1;                        //定时器0开始计时
  17   1              ET0=1;              //中断允许控制寄存器
  18   1              EA=1;               //中断允许控制寄存器
  19   1              PT0=0;              //选择中断控制寄存器优先级
  20   1      }
  21          
  22          
  23          //定时器中断函数模板
  24          
  25          //void Timer0_Routine() interrupt 1             //当执行中断程序时，跳入该函数
  26          //{
  27          //      static unsigned int T0Count;
  28          //      TL0 = 0x18;                     //设置定时初值，设置低4位
  29          //      TH0 = 0xFC;                     //设置定时初值，设置高4位
  30          //      T0Count++;
  31          //      if(T0Count>=1000)         //计时时间记为1S
  32          //      {
  33          //              T0Count=0;                //重新开始计时
  34                          
  35          //      }
  36          //}
  37          
  38          
  39          
  40          
  41          
  42          
  43          


MODULE INFORMATION:   STATIC OVERLAYABLE
   CODE SIZE        =     23    ----
   CONSTANT SIZE    =   ----    ----
   XDATA SIZE       =   ----    ----
   PDATA SIZE       =   ----    ----
   DATA SIZE        =   ----    ----
   IDATA SIZE       =   ----    ----
   BIT SIZE         =   ----    ----
C51 COMPILER V9.54   TIMER0                                                                04/29/2025 14:35:53 PAGE 2   

END OF MODULE INFORMATION.


C51 COMPILATION COMPLETE.  0 WARNING(S),  0 ERROR(S)
