C51 COMPILER V9.54   MAIN                                                                  04/29/2025 14:11:44 PAGE 1   


C51 COMPILER V9.54, COMPILATION OF MODULE MAIN
OBJECT MODULE PLACED IN .\Objects\main.obj
COMPILER INVOKED BY: D:\kile 5 C51\C51\BIN\C51.EXE User\main.c OPTIMIZE(8,SPEED) BROWSE INCDIR(.\Function) DEBUG OBJECTE
                    -XTEND PRINT(.\Listings\main.lst) OBJECT(.\Objects\main.obj)

line level    source

   1          #include <REGX52.H>
   2          #include "Timer0.h"
   3          #include "Key.h"
   4          #include <INTRINS.H>
   5          
   6          unsigned char KeyNum,LEDMode;
   7          
   8          void main()
   9          {
  10   1              P2=0xFE;
  11   1              Timer0Init();
  12   1              while(1)
  13   1              {       
  14   2                      KeyNum=Key();           
  15   2                      if(KeyNum)                      //判断是否按下
  16   2                      {
  17   3                              if(KeyNum==1)
  18   3                              {
  19   4                                      LEDMode++;
  20   4                                      if(LEDMode>=2)LEDMode=0;
  21   4                              }
  22   3                              
  23   3                              
  24   3                      }
  25   2                      
  26   2              }
  27   1      
  28   1      }
  29          
  30          
  31          
  32          void Timer0_Routine() interrupt 1               //当执行中断程序时，跳入该函数
  33          {
  34   1              static unsigned int T0Count;
  35   1              TL0 = 0x18;                     //设置定时初值，设置低4位
  36   1              TH0 = 0xFC;                     //设置定时初值，设置高4位
  37   1              T0Count++;
  38   1              if(T0Count>=500)          //计时时间记为1S
  39   1              {
  40   2                      T0Count=0;                //重新开始计时
  41   2                      if(LEDMode==0)
  42   2                      {
  43   3                              P2=_crol_(P2,1);
  44   3                              
  45   3                      }
  46   2                      if(LEDMode==1)
  47   2                      {
  48   3                              P2=_cror_(P2,1);
  49   3                              
  50   3                      }
  51   2              }
  52   1      }


C51 COMPILER V9.54   MAIN                                                                  04/29/2025 14:11:44 PAGE 2   

MODULE INFORMATION:   STATIC OVERLAYABLE
   CODE SIZE        =    116    ----
   CONSTANT SIZE    =   ----    ----
   XDATA SIZE       =   ----    ----
   PDATA SIZE       =   ----    ----
   DATA SIZE        =      4    ----
   IDATA SIZE       =   ----    ----
   BIT SIZE         =   ----    ----
END OF MODULE INFORMATION.


C51 COMPILATION COMPLETE.  0 WARNING(S),  0 ERROR(S)
